#
# A fatal error has been detected by the Java Runtime Environment:
#
#  SIGSEGV (0xb) at pc=0x00007f59504171b4, pid=26047, tid=140021602391808
#
# JRE version: OpenJDK Runtime Environment (7.0_131) (build 1.7.0_131-b00)
# Java VM: OpenJDK 64-Bit Server VM (24.131-b00 mixed mode linux-amd64 compressed oops)
# Derivative: IcedTea 2.6.9
# Distribution: Ubuntu 14.04 LTS, package 7u131-2.6.9-0ubuntu0.14.04.2
# Problematic frame:
# C  [libhdf5.so.7+0x1161b4]  H5O_dec_rc+0x14
#
# Failed to write core dump. Core dumps have been disabled. To enable core dumping, try "ulimit -c unlimited" before starting Java again
#
# If you would like to submit a bug report, please include
# instructions on how to reproduce the bug and visit:
#   http://icedtea.classpath.org/bugzilla
# The crash happened outside the Java Virtual Machine in native code.
# See problematic frame for where to report the bug.
#

---------------  T H R E A D  ---------------

Current thread (0x00007f5964231000):  JavaThread "AWT-EventQueue-0" [_thread_in_native, id=26076, stack(0x00007f5951cf1000,0x00007f5951df2000)]

siginfo:si_signo=SIGSEGV: si_errno=0, si_code=1 (SEGV_MAPERR), si_addr=0x0000000000000090

Registers:
RAX=0x0000000000000001, RBX=0x00007f59141c99b0, RCX=0x0000000000000000, RDX=0x00007f5914000030
RSP=0x00007f5951dedf18, RBP=0x0000000000000000, RSI=0x00007f59141843f0, RDI=0x0000000000000000
R8 =0x0000000000000000, R9 =0x00007f59141aff60, R10=0x2072656461656820, R11=0x0000000000000001
R12=0x00007f59141843f0, R13=0x00007f59140da300, R14=0x0000000000683598, R15=0x000000000a000008
RIP=0x00007f59504171b4, EFLAGS=0x0000000000010202, CSGSFS=0x0000000000000033, ERR=0x0000000000000006
  TRAPNO=0x000000000000000e

Top of Stack: (sp=0x00007f5951dedf18)
0x00007f5951dedf18:   00007f59504251e7 000000000c000035
0x00007f5951dedf28:   00007f595054fb50 0000000000000110
0x00007f5951dedf38:   00007f5951dedf40 00000000100cc7a0
0x00007f5951dedf48:   00080014000a0001 6d617473656d6974
0x00007f5951dedf58:   0000000000000070 00000008003f2011
0x00007f5951dedf68:   34000b3400400000 00000000000003ff
0x00007f5951dedf78:   0000000000000001 40e5180000000000
0x00007f5951dedf88:   00000000000003ff 0000000100080005
0x00007f5951dedf98:   0000000001020102 0000000100180008
0x00007f5951dedfa8:   000000d60a680103 00000001db900000
0x00007f5951dedfb8:   0000000000000000 0000000000080012
0x00007f5951dedfc8:   592724a400000001 000000000058000c
0x00007f5951dedfd8:   0018000c000a0001 6f69746974726170
0x00007f5951dedfe8:   000000000000006e 0000000800000010
0x00007f5951dedff8:   0000000000400000 0000000000010101
0x00007f5951dee008:   0000000000000003 0000000000000003
0x00007f5951dee018:   0000000000000000 00000000000013af
0x00007f5951dee028:   000000000000274d 0000000000100010
0x00007f5951dee038:   0000000000683598 0000000000000048
0x00007f5951dee048:   0000000000000000 000000000040000c
0x00007f5951dee058:   00080014000a0001 6d617473656d6974
0x00007f5951dee068:   0000000000000070 00000008003f2011
0x00007f5951dee078:   34000b3400400000 00000000000003ff
0x00007f5951dee088:   0000000000000001 4115180000000000
0x00007f5951dee098:   000000000040000c 00080014000a0001
0x00007f5951dee0a8:   6d617473656d6974 0000000000000070
0x00007f5951dee0b8:   00000008003f2011 34000b3400400000
0x00007f5951dee0c8:   00000000000003ff 0000000000000001
0x00007f5951dee0d8:   4115180000000000 365f726f74636576
0x00007f5951dee0e8:   0000000000000000 375f726f74636576
0x00007f5951dee0f8:   0000000000000000 0000000100090001
0x00007f5951dee108:   0000000000000100 0000000000180001 

Instructions: (pc=0x00007f59504171b4)
0x00007f5950417194:   ff 66 66 2e 0f 1f 84 00 00 00 00 00 8b 05 fa 4c
0x00007f59504171a4:   38 00 85 c0 75 0a c7 05 ec 4c 38 00 01 00 00 00
0x00007f59504171b4:   48 83 af 90 00 00 00 01 74 0a 31 c0 c3 0f 1f 80
0x00007f59504171c4:   00 00 00 00 48 83 ec 18 e8 ff e3 f2 ff 85 c0 78 

Register to memory mapping:

RAX=0x0000000000000001 is an unknown value
RBX=0x00007f59141c99b0 is an unknown value
RCX=0x0000000000000000 is an unknown value
RDX=0x00007f5914000030 is an unknown value
RSP=0x00007f5951dedf18 is pointing into the stack for thread: 0x00007f5964231000
RBP=0x0000000000000000 is an unknown value
RSI=0x00007f59141843f0 is an unknown value
RDI=0x0000000000000000 is an unknown value
R8 =0x0000000000000000 is an unknown value
R9 =0x00007f59141aff60 is an unknown value
R10=0x2072656461656820 is an unknown value
R11=0x0000000000000001 is an unknown value
R12=0x00007f59141843f0 is an unknown value
R13=0x00007f59140da300 is an unknown value
R14=0x0000000000683598 is an unknown value
R15=0x000000000a000008 is an unknown value


Stack: [0x00007f5951cf1000,0x00007f5951df2000],  sp=0x00007f5951dedf18,  free space=1011k
Native frames: (J=compiled Java code, j=interpreted, Vv=VM code, C=native code)
C  [libhdf5.so.7+0x1161b4]  H5O_dec_rc+0x14

[error occurred during error reporting (printing native stack), id 0xb]

Java frames: (J=compiled Java code, j=interpreted, Vv=VM code)
j  ncsa.hdf.hdf5lib.H5.H5Gget_obj_info_full(ILjava/lang/String;[Ljava/lang/String;[I[I[J[JIII)I+0
j  ncsa.hdf.hdf5lib.H5.H5Gget_obj_info_full(ILjava/lang/String;[Ljava/lang/String;[I[I[J[JII)I+119
j  ncsa.hdf.object.h5.H5File.depth_first(Ljavax/swing/tree/MutableTreeNode;I)I+167
j  ncsa.hdf.object.h5.H5File.depth_first(Ljavax/swing/tree/MutableTreeNode;I)I+398
j  ncsa.hdf.object.h5.H5File.loadTree()Ljavax/swing/tree/DefaultMutableTreeNode;+45
j  ncsa.hdf.object.h5.H5File.open(ZI)I+495
j  ncsa.hdf.object.h5.H5File.open(Z)I+9
j  ncsa.hdf.object.h5.H5File.open()I+2
j  ncsa.hdf.view.DefaultTreeView.openFile(Ljava/lang/String;I)Lncsa/hdf/object/FileFormat;+370
j  ncsa.hdf.view.HDFView.<init>(Ljava/lang/String;Ljava/util/List;IIII)V+790
j  ncsa.hdf.view.HDFView$1.run()V+28
j  java.awt.event.InvocationEvent.dispatch()V+47
j  java.awt.EventQueue.dispatchEventImpl(Ljava/awt/AWTEvent;Ljava/lang/Object;)V+21
j  java.awt.EventQueue.access$300(Ljava/awt/EventQueue;Ljava/awt/AWTEvent;Ljava/lang/Object;)V+3
j  java.awt.EventQueue$3.run()Ljava/lang/Void;+12
j  java.awt.EventQueue$3.run()Ljava/lang/Object;+1
v  ~StubRoutines::call_stub
j  java.security.AccessController.doPrivileged(Ljava/security/PrivilegedAction;Ljava/security/AccessControlContext;)Ljava/lang/Object;+0
j  java.security.ProtectionDomain$JavaSecurityAccessImpl.doIntersectionPrivilege(Ljava/security/PrivilegedAction;Ljava/security/AccessControlContext;Ljava/security/AccessControlContext;)Ljava/lang/Object;+18
j  java.awt.EventQueue.dispatchEvent(Ljava/awt/AWTEvent;)V+46
j  java.awt.EventDispatchThread.pumpOneEventForFilters(I)V+245
j  java.awt.EventDispatchThread.pumpEventsForFilter(ILjava/awt/Conditional;Ljava/awt/EventFilter;)V+35
j  java.awt.EventDispatchThread.pumpEventsForHierarchy(ILjava/awt/Conditional;Ljava/awt/Component;)V+11
j  java.awt.EventDispatchThread.pumpEvents(ILjava/awt/Conditional;)V+4
j  java.awt.EventDispatchThread.pumpEvents(Ljava/awt/Conditional;)V+3
j  java.awt.EventDispatchThread.run()V+9
v  ~StubRoutines::call_stub

---------------  P R O C E S S  ---------------

Java Threads: ( => current thread )
  0x00007f59140dc800 JavaThread "TimerQueue" daemon [_thread_blocked, id=26078, stack(0x00007f59513ab000,0x00007f59514ac000)]
  0x00007f5914020800 JavaThread "Image Fetcher 3" daemon [_thread_blocked, id=26077, stack(0x00007f5951bf0000,0x00007f5951cf1000)]
  0x00007f596400a000 JavaThread "DestroyJavaVM" [_thread_blocked, id=26060, stack(0x00007f596e043000,0x00007f596e144000)]
=>0x00007f5964231000 JavaThread "AWT-EventQueue-0" [_thread_in_native, id=26076, stack(0x00007f5951cf1000,0x00007f5951df2000)]
  0x00007f596422f800 JavaThread "AWT-Shutdown" [_thread_blocked, id=26075, stack(0x00007f5951df2000,0x00007f5951ef3000)]
  0x00007f5964227800 JavaThread "AWT-XAWT" daemon [_thread_in_native, id=26074, stack(0x00007f5958037000,0x00007f5958138000)]
  0x00007f596420a800 JavaThread "Java2D Disposer" daemon [_thread_blocked, id=26073, stack(0x00007f596008f000,0x00007f5960190000)]
  0x00007f59640a8800 JavaThread "Service Thread" daemon [_thread_blocked, id=26071, stack(0x00007f5960eff000,0x00007f5961000000)]
  0x00007f59640a6000 JavaThread "C2 CompilerThread1" daemon [_thread_blocked, id=26070, stack(0x00007f596801c000,0x00007f596811d000)]
  0x00007f59640a3000 JavaThread "C2 CompilerThread0" daemon [_thread_blocked, id=26069, stack(0x00007f596811d000,0x00007f596821e000)]
  0x00007f59640a1000 JavaThread "Signal Dispatcher" daemon [_thread_blocked, id=26068, stack(0x00007f596821e000,0x00007f596831f000)]
  0x00007f596407e000 JavaThread "Finalizer" daemon [_thread_blocked, id=26067, stack(0x00007f5968a01000,0x00007f5968b02000)]
  0x00007f596407c000 JavaThread "Reference Handler" daemon [_thread_blocked, id=26066, stack(0x00007f5968b02000,0x00007f5968c03000)]

Other Threads:
  0x00007f5964075800 VMThread [stack: 0x00007f5968c03000,0x00007f5968d04000] [id=26065]
  0x00007f59640b3800 WatcherThread [stack: 0x00007f5960dfe000,0x00007f5960eff000] [id=26072]

VM state:not at safepoint (normal execution)

VM Mutex/Monitor currently owned by a thread: None

Heap
 PSYoungGen      total 27648K, used 14630K [0x00000000e1700000, 0x00000000e3580000, 0x0000000100000000)
  eden space 24064K, 60% used [0x00000000e1700000,0x00000000e2549b18,0x00000000e2e80000)
  from space 3584K, 0% used [0x00000000e3200000,0x00000000e3200000,0x00000000e3580000)
  to   space 3584K, 0% used [0x00000000e2e80000,0x00000000e2e80000,0x00000000e3200000)
 ParOldGen       total 62464K, used 0K [0x00000000a4600000, 0x00000000a8300000, 0x00000000e1700000)
  object space 62464K, 0% used [0x00000000a4600000,0x00000000a4600000,0x00000000a8300000)
 PSPermGen       total 21504K, used 15800K [0x000000009a000000, 0x000000009b500000, 0x00000000a4600000)
  object space 21504K, 73% used [0x000000009a000000,0x000000009af6e398,0x000000009b500000)

Card table byte_map: [0x00007f596a940000,0x00007f596ac71000] byte_map_base: 0x00007f596a470000

Polling page: 0x00007f596e163000

Code Cache  [0x00007f5961000000, 0x00007f5961270000, 0x00007f5964000000)
 total_blobs=592 nmethods=51 adapters=494 free_code_cache=48482Kb largest_free_block=49624128

Compilation events (10 events):
Event: 0.794 Thread 0x00007f59640a6000   47             java.lang.AbstractStringBuilder::<init> (12 bytes)
Event: 0.795 Thread 0x00007f59640a6000 nmethod 47 0x00007f59610a40d0 code [0x00007f59610a4220, 0x00007f59610a4338]
Event: 0.805 Thread 0x00007f59640a3000   48             sun.java2d.loops.GraphicsPrimitive::getUniqueID (5 bytes)
Event: 0.805 Thread 0x00007f59640a3000 nmethod 48 0x00007f59610a3e10 code [0x00007f59610a3f40, 0x00007f59610a3f98]
Event: 0.811 Thread 0x00007f59640a6000   49             java.util.Arrays::binarySearch0 (95 bytes)
Event: 0.812 Thread 0x00007f59640a3000   50             sun.java2d.loops.GraphicsPrimitiveMgr$2::compare (39 bytes)
Event: 0.813 Thread 0x00007f59640a3000 nmethod 50 0x00007f59610a6950 code [0x00007f59610a6aa0, 0x00007f59610a6b78]
Event: 0.813 Thread 0x00007f59640a6000 nmethod 49 0x00007f59610a6450 code [0x00007f59610a65a0, 0x00007f59610a6758]
Event: 0.830 Thread 0x00007f59640a3000   51             javax.swing.UIDefaults::get (21 bytes)
Event: 0.836 Thread 0x00007f59640a3000 nmethod 51 0x00007f59610aa250 code [0x00007f59610aa3c0, 0x00007f59610aaa58]

GC Heap History (0 events):
No events

Deoptimization events (10 events):
Event: 0.150 Thread 0x00007f596400a000 Uncommon trap: reason=class_check action=maybe_recompile pc=0x00007f5961060e40 method=java.util.Properties$LineReader.readLine()I @ 62
Event: 0.250 Thread 0x00007f5964231000 Uncommon trap: reason=class_check action=maybe_recompile pc=0x00007f5961060e40 method=java.util.Properties$LineReader.readLine()I @ 62
Event: 0.311 Thread 0x00007f5964231000 Uncommon trap: reason=class_check action=maybe_recompile pc=0x00007f5961060e40 method=java.util.Properties$LineReader.readLine()I @ 62
Event: 0.350 Thread 0x00007f5964231000 Uncommon trap: reason=class_check action=maybe_recompile pc=0x00007f5961060e40 method=java.util.Properties$LineReader.readLine()I @ 62
Event: 0.425 Thread 0x00007f5964231000 Uncommon trap: reason=class_check action=maybe_recompile pc=0x00007f59610857f0 method=java.util.Properties$LineReader.readLine()I @ 402
Event: 0.614 Thread 0x00007f5964231000 Uncommon trap: reason=class_check action=maybe_recompile pc=0x00007f59610857f0 method=java.util.Properties$LineReader.readLine()I @ 402
Event: 0.759 Thread 0x00007f5964231000 Uncommon trap: reason=class_check action=maybe_recompile pc=0x00007f5961080220 method=java.lang.String.equals(Ljava/lang/Object;)Z @ 8
Event: 0.759 Thread 0x00007f5964231000 Uncommon trap: reason=class_check action=maybe_recompile pc=0x00007f5961080220 method=java.lang.String.equals(Ljava/lang/Object;)Z @ 8
Event: 0.760 Thread 0x00007f5964231000 Uncommon trap: reason=class_check action=maybe_recompile pc=0x00007f5961080220 method=java.lang.String.equals(Ljava/lang/Object;)Z @ 8
Event: 0.760 Thread 0x00007f5964231000 Uncommon trap: reason=class_check action=maybe_recompile pc=0x00007f5961080220 method=java.lang.String.equals(Ljava/lang/Object;)Z @ 8

Internal exceptions (10 events):
Event: 0.607 Thread 0x00007f5964231000 Threw 0x00000000e21d37f0 at /build/openjdk-7-63j_i_/openjdk-7-7u131-2.6.9/build/openjdk/hotspot/src/share/vm/prims/jvm.cpp:1322
Event: 0.609 Thread 0x00007f5964231000 Threw 0x00000000e21fd8c0 at /build/openjdk-7-63j_i_/openjdk-7-7u131-2.6.9/build/openjdk/hotspot/src/share/vm/prims/jvm.cpp:1322
Event: 0.610 Thread 0x00007f5964231000 Threw 0x00000000e22049a0 at /build/openjdk-7-63j_i_/openjdk-7-7u131-2.6.9/build/openjdk/hotspot/src/share/vm/prims/jvm.cpp:1322
Event: 0.615 Thread 0x00007f5964231000 Threw 0x00000000e2210208 at /build/openjdk-7-63j_i_/openjdk-7-7u131-2.6.9/build/openjdk/hotspot/src/share/vm/prims/jvm.cpp:1322
Event: 0.615 Thread 0x00007f5964231000 Threw 0x00000000e2212490 at /build/openjdk-7-63j_i_/openjdk-7-7u131-2.6.9/build/openjdk/hotspot/src/share/vm/prims/jvm.cpp:1322
Event: 0.616 Thread 0x00007f5964231000 Threw 0x00000000e2214e78 at /build/openjdk-7-63j_i_/openjdk-7-7u131-2.6.9/build/openjdk/hotspot/src/share/vm/prims/jvm.cpp:1322
Event: 0.616 Thread 0x00007f5964231000 Threw 0x00000000e2215f10 at /build/openjdk-7-63j_i_/openjdk-7-7u131-2.6.9/build/openjdk/hotspot/src/share/vm/prims/jvm.cpp:1322
Event: 0.852 Thread 0x00007f5964231000 Threw 0x00000000e24fe4c0 at /build/openjdk-7-63j_i_/openjdk-7-7u131-2.6.9/build/openjdk/hotspot/src/share/vm/prims/jvm.cpp:1322
Event: 0.852 Thread 0x00007f5964231000 Threw 0x00000000e2501258 at /build/openjdk-7-63j_i_/openjdk-7-7u131-2.6.9/build/openjdk/hotspot/src/share/vm/prims/jvm.cpp:1322
Event: 0.853 Thread 0x00007f5964231000 Threw 0x00000000e2505d70 at /build/openjdk-7-63j_i_/openjdk-7-7u131-2.6.9/build/openjdk/hotspot/src/share/vm/prims/jni.cpp:721

Events (10 events):
Event: 0.843 loading class 0x00007f59380a0d10
Event: 0.843 loading class 0x00007f59380a0d10 done
Event: 0.843 loading class 0x00007f592c0b4660
Event: 0.843 loading class 0x00007f592c0b4660 done
Event: 0.847 loading class 0x00007f592c0157a0
Event: 0.847 loading class 0x00007f592c0157a0 done
Event: 0.852 loading class 0x00007f59140fbdf0
Event: 0.852 loading class 0x00007f59140fbdf0 done
Event: 0.852 loading class 0x00007f59140fc2b0
Event: 0.852 loading class 0x00007f59140fc2b0 done


Dynamic libraries:
00400000-00401000 r-xp 00000000 08:01 5789551                            /usr/lib/jvm/java-7-openjdk-amd64/jre/bin/java
00600000-00601000 r--p 00000000 08:01 5789551                            /usr/lib/jvm/java-7-openjdk-amd64/jre/bin/java
00601000-00602000 rw-p 00001000 08:01 5789551                            /usr/lib/jvm/java-7-openjdk-amd64/jre/bin/java
01c83000-01ca4000 rw-p 00000000 00:00 0                                  [heap]
9a000000-9b500000 rw-p 00000000 00:00 0 
9b500000-a4600000 rw-p 00000000 00:00 0 
a4600000-a8300000 rw-p 00000000 00:00 0 
a8300000-e1700000 rw-p 00000000 00:00 0 
e1700000-e3580000 rw-p 00000000 00:00 0 
e3580000-100000000 rw-p 00000000 00:00 0 
7f590c000000-7f590c021000 rw-p 00000000 00:00 0 
7f590c021000-7f5910000000 ---p 00000000 00:00 0 
7f5914000000-7f5914200000 rw-p 00000000 00:00 0 
7f5914200000-7f5918000000 ---p 00000000 00:00 0 
7f5918000000-7f591805b000 rw-p 00000000 00:00 0 
7f591805b000-7f591c000000 ---p 00000000 00:00 0 
7f591c000000-7f591c021000 rw-p 00000000 00:00 0 
7f591c021000-7f5920000000 ---p 00000000 00:00 0 
7f5920000000-7f5920021000 rw-p 00000000 00:00 0 
7f5920021000-7f5924000000 ---p 00000000 00:00 0 
7f5924000000-7f5924021000 rw-p 00000000 00:00 0 
7f5924021000-7f5928000000 ---p 00000000 00:00 0 
7f5928000000-7f5928021000 rw-p 00000000 00:00 0 
7f5928021000-7f592c000000 ---p 00000000 00:00 0 
7f592c000000-7f592c1d2000 rw-p 00000000 00:00 0 
7f592c1d2000-7f5930000000 ---p 00000000 00:00 0 
7f5930000000-7f5930021000 rw-p 00000000 00:00 0 
7f5930021000-7f5934000000 ---p 00000000 00:00 0 
7f5934000000-7f5934021000 rw-p 00000000 00:00 0 
7f5934021000-7f5938000000 ---p 00000000 00:00 0 
7f5938000000-7f5938358000 rw-p 00000000 00:00 0 
7f5938358000-7f593c000000 ---p 00000000 00:00 0 
7f593c000000-7f593c021000 rw-p 00000000 00:00 0 
7f593c021000-7f5940000000 ---p 00000000 00:00 0 
7f5940000000-7f5940021000 rw-p 00000000 00:00 0 
7f5940021000-7f5944000000 ---p 00000000 00:00 0 
7f5944000000-7f5944021000 rw-p 00000000 00:00 0 
7f5944021000-7f5948000000 ---p 00000000 00:00 0 
7f5948000000-7f5948021000 rw-p 00000000 00:00 0 
7f5948021000-7f594c000000 ---p 00000000 00:00 0 
7f594c000000-7f594c021000 rw-p 00000000 00:00 0 
7f594c021000-7f5950000000 ---p 00000000 00:00 0 
7f5950280000-7f5950301000 rw-p 00000000 00:00 0 
7f5950301000-7f5950593000 r-xp 00000000 08:01 5785594                    /usr/lib/x86_64-linux-gnu/libhdf5.so.7.0.0
7f5950593000-7f5950792000 ---p 00292000 08:01 5785594                    /usr/lib/x86_64-linux-gnu/libhdf5.so.7.0.0
7f5950792000-7f5950797000 r--p 00291000 08:01 5785594                    /usr/lib/x86_64-linux-gnu/libhdf5.so.7.0.0
7f5950797000-7f595079b000 rw-p 00296000 08:01 5785594                    /usr/lib/x86_64-linux-gnu/libhdf5.so.7.0.0
7f595079b000-7f595079d000 rw-p 00000000 00:00 0 
7f595079d000-7f59507f7000 r-xp 00000000 08:01 5916363                    /usr/lib/jni/libjhdf5.so
7f59507f7000-7f59509f7000 ---p 0005a000 08:01 5916363                    /usr/lib/jni/libjhdf5.so
7f59509f7000-7f59509f8000 r--p 0005a000 08:01 5916363                    /usr/lib/jni/libjhdf5.so
7f59509f8000-7f59509f9000 rw-p 0005b000 08:01 5916363                    /usr/lib/jni/libjhdf5.so
7f59509f9000-7f5950a3c000 r-xp 00000000 08:01 5775944                    /usr/lib/x86_64-linux-gnu/libjpeg.so.8.0.2
7f5950a3c000-7f5950c3c000 ---p 00043000 08:01 5775944                    /usr/lib/x86_64-linux-gnu/libjpeg.so.8.0.2
7f5950c3c000-7f5950c3d000 r--p 00043000 08:01 5775944                    /usr/lib/x86_64-linux-gnu/libjpeg.so.8.0.2
7f5950c3d000-7f5950c3e000 rw-p 00044000 08:01 5775944                    /usr/lib/x86_64-linux-gnu/libjpeg.so.8.0.2
7f5950c3e000-7f5950c4e000 rw-p 00000000 00:00 0 
7f5950c4e000-7f5950d1d000 r-xp 00000000 08:01 5789612                    /usr/lib/libdf.so.0.0.0
7f5950d1d000-7f5950f1d000 ---p 000cf000 08:01 5789612                    /usr/lib/libdf.so.0.0.0
7f5950f1d000-7f5950f1f000 r--p 000cf000 08:01 5789612                    /usr/lib/libdf.so.0.0.0
7f5950f1f000-7f5950f21000 rw-p 000d1000 08:01 5789612                    /usr/lib/libdf.so.0.0.0
7f5950f21000-7f5950f4b000 rw-p 00000000 00:00 0 
7f5950f4b000-7f5950f84000 r-xp 00000000 08:01 5789611                    /usr/lib/libmfhdf.so.0.0.0
7f5950f84000-7f5951184000 ---p 00039000 08:01 5789611                    /usr/lib/libmfhdf.so.0.0.0
7f5951184000-7f5951185000 r--p 00039000 08:01 5789611                    /usr/lib/libmfhdf.so.0.0.0
7f5951185000-7f5951186000 rw-p 0003a000 08:01 5789611                    /usr/lib/libmfhdf.so.0.0.0
7f5951186000-7f5951187000 rw-p 00000000 00:00 0 
7f5951187000-7f59511aa000 r-xp 00000000 08:01 5916364                    /usr/lib/jni/libjhdf.so
7f59511aa000-7f59513a9000 ---p 00023000 08:01 5916364                    /usr/lib/jni/libjhdf.so
7f59513a9000-7f59513aa000 r--p 00022000 08:01 5916364                    /usr/lib/jni/libjhdf.so
7f59513aa000-7f59513ab000 rw-p 00023000 08:01 5916364                    /usr/lib/jni/libjhdf.so
7f59513ab000-7f59513ae000 ---p 00000000 00:00 0 
7f59513ae000-7f59514ac000 rw-p 00000000 00:00 0 
7f59514dc000-7f59514df000 r--s 00029000 08:01 6435390                    /usr/share/java/jgraph.jar
7f59514df000-7f59514e3000 r--s 00050000 08:01 5789522                    /usr/lib/jvm/java-7-openjdk-amd64/jre/lib/jsse.jar
7f59514e3000-7f59514f3000 r-xp 00000000 08:01 5789483                    /usr/lib/jvm/java-7-openjdk-amd64/jre/lib/amd64/libnio.so
7f59514f3000-7f59516f3000 ---p 00010000 08:01 5789483                    /usr/lib/jvm/java-7-openjdk-amd64/jre/lib/amd64/libnio.so
7f59516f3000-7f59516f4000 r--p 00010000 08:01 5789483                    /usr/lib/jvm/java-7-openjdk-amd64/jre/lib/amd64/libnio.so
7f59516f4000-7f59516f5000 rw-p 00011000 08:01 5789483                    /usr/lib/jvm/java-7-openjdk-amd64/jre/lib/amd64/libnio.so
7f59516f5000-7f59516f6000 r--s 00000000 08:01 1185055                    /var/cache/fontconfig/087e1975ba9a574b140bb1df193bf770-le64.cache-4
7f59516f6000-7f5951704000 r--s 00000000 08:01 1182254                    /var/cache/fontconfig/6aa41aa22e18b8fa06a12da28ea9c28b-le64.cache-4
7f5951704000-7f5951705000 r--s 00000000 08:01 1182222                    /var/cache/fontconfig/c05880de57d1f5e948fdfacc138775d9-le64.cache-4
7f5951705000-7f5951710000 r--s 00000000 08:01 1181442                    /var/cache/fontconfig/945677eb7aeaf62f1d50efc3fb3ec7d8-le64.cache-4
7f5951710000-7f5951716000 r--s 00000000 08:01 1182220                    /var/cache/fontconfig/2cd17615ca594fa2959ae173292e504c-le64.cache-4
7f5951716000-7f5951717000 r--s 00000000 08:01 1182219                    /var/cache/fontconfig/e7071f4a29fa870f4323321c154eba04-le64.cache-4
7f5951717000-7f5951718000 r--s 00000000 08:01 1182218                    /var/cache/fontconfig/0d8c3b2ac0904cb8a57a757ad11a4a08-le64.cache-4
7f5951718000-7f595171f000 r--s 00000000 08:01 1182217                    /var/cache/fontconfig/a755afe4a08bf5b97852ceb7400b47bc-le64.cache-4
7f595171f000-7f5951733000 r--s 00000000 08:01 1182216                    /var/cache/fontconfig/04aabc0a78ac019cf9454389977116d2-le64.cache-4
7f5951733000-7f5951734000 r--s 00000000 08:01 1182215                    /var/cache/fontconfig/1ac9eb803944fde146138c791f5cc56a-le64.cache-4
7f5951734000-7f5951735000 r--s 00000000 08:01 1185054                    /var/cache/fontconfig/b95bc8ffbebda2bbdae4265e45b8178d-le64.cache-4
7f5951735000-7f5951739000 r--s 00000000 08:01 1182214                    /var/cache/fontconfig/385c0604a188198f04d133e54aba7fe7-le64.cache-4
7f5951739000-7f595173a000 r--s 00000000 08:01 1185053                    /var/cache/fontconfig/9c956a7723ca69a44b382d9179c9802f-le64.cache-4
7f595173a000-7f595173b000 r--s 00000000 08:01 1182213                    /var/cache/fontconfig/dc05db6664285cc2f12bf69c139ae4c3-le64.cache-4
7f595173b000-7f595173c000 r--s 00000000 08:01 1185052                    /var/cache/fontconfig/5d1cca7074f29429a8d18692746c2426-le64.cache-4
7f595173c000-7f595173e000 r--s 00000000 08:01 1182200                    /var/cache/fontconfig/767a8244fc0220cfb567a839d0392e0b-le64.cache-4
7f595173e000-7f595173f000 r--s 00000000 08:01 1182296                    /var/cache/fontconfig/4794a0821666d79190d59a36cb4f44b5-le64.cache-4
7f595173f000-7f5951740000 r--s 00000000 08:01 1185051                    /var/cache/fontconfig/9eae20f1ff8cc0a7d125749e875856bd-le64.cache-4
7f5951740000-7f5951742000 r--s 00000000 08:01 1185050                    /var/cache/fontconfig/bf2c1853a9e9b00bb02fe2e9bcf1e201-le64.cache-4
7f5951742000-7f5951747000 r--s 00000000 08:01 1182211                    /var/cache/fontconfig/8801497958630a81b71ace7c5f9b32a8-le64.cache-4
7f5951747000-7f595174b000 r--s 00000000 08:01 1185951                    /var/cache/fontconfig/c57959a16110560c8d0fcea73374aeeb-le64.cache-4
7f595174b000-7f5951752000 r--s 00000000 08:01 1182210                    /var/cache/fontconfig/3047814df9a2f067bd2d96a2b9c36e5a-le64.cache-4
7f5951752000-7f5951756000 r--s 00000000 08:01 1185049                    /var/cache/fontconfig/bf3b770c553c462765856025a94f1ce6-le64.cache-4
7f5951756000-7f5951757000 r--s 00000000 08:01 1182209                    /var/cache/fontconfig/56cf4f4769d0f4abc89a4895d7bd3ae1-le64.cache-4
7f5951757000-7f5951758000 r--s 00000000 08:01 1182208                    /var/cache/fontconfig/b9d506c9ac06c20b433354fa67a72993-le64.cache-4
7f5951758000-7f595175e000 r--s 00000000 08:01 1182207                    /var/cache/fontconfig/b47c4e1ecd0709278f4910c18777a504-le64.cache-4
7f595175e000-7f5951761000 r--s 00000000 08:01 1185048                    /var/cache/fontconfig/14d493b97896515cad3840ba4896e372-le64.cache-4
7f5951761000-7f5951762000 r--s 00000000 08:01 1185047                    /var/cache/fontconfig/89034621ae2a8922916bb6bfa5799546-le64.cache-4
7f5951762000-7f5951765000 r--s 00000000 08:01 1185046                    /var/cache/fontconfig/e49e89034d371f0f9de17aab02136486-le64.cache-4
7f5951765000-7f5951767000 r--s 00000000 08:01 1185045                    /var/cache/fontconfig/4b14b093aebc79c320de5e86ae1d3314-le64.cache-4
7f5951767000-7f595177a000 r--s 00000000 08:01 1182206                    /var/cache/fontconfig/d52a8644073d54c13679302ca1180695-le64.cache-4
7f595177a000-7f5951783000 r--s 00000000 08:01 1182205                    /var/cache/fontconfig/3f7329c5293ffd510edef78f73874cfd-le64.cache-4
7f5951783000-7f595179a000 r-xp 00000000 08:01 5789502                    /usr/lib/jvm/java-7-openjdk-amd64/jre/lib/amd64/libnet.so
7f595179a000-7f5951999000 ---p 00017000 08:01 5789502                    /usr/lib/jvm/java-7-openjdk-amd64/jre/lib/amd64/libnet.so
7f5951999000-7f595199a000 r--p 00016000 08:01 5789502                    /usr/lib/jvm/java-7-openjdk-amd64/jre/lib/amd64/libnet.so
7f595199a000-7f595199b000 rw-p 00017000 08:01 5789502                    /usr/lib/jvm/java-7-openjdk-amd64/jre/lib/amd64/libnet.so
7f595199b000-7f59519ed000 r-xp 00000000 08:01 5789505                    /usr/lib/jvm/java-7-openjdk-amd64/jre/lib/amd64/libfontmanager.so
7f59519ed000-7f5951bec000 ---p 00052000 08:01 5789505                    /usr/lib/jvm/java-7-openjdk-amd64/jre/lib/amd64/libfontmanager.so
7f5951bec000-7f5951bef000 r--p 00051000 08:01 5789505                    /usr/lib/jvm/java-7-openjdk-amd64/jre/lib/amd64/libfontmanager.so
7f5951bef000-7f5951bf0000 rw-p 00054000 08:01 5789505                    /usr/lib/jvm/java-7-openjdk-amd64/jre/lib/amd64/libfontmanager.so
7f5951bf0000-7f5951bf3000 ---p 00000000 00:00 0 
7f5951bf3000-7f5951cf1000 rw-p 00000000 00:00 0 
7f5951cf1000-7f5951cf4000 ---p 00000000 00:00 0 
7f5951cf4000-7f5951df2000 rw-p 00000000 00:00 0 
7f5951df2000-7f5951df5000 ---p 00000000 00:00 0 
7f5951df5000-7f5951ef3000 rw-p 00000000 00:00 0 
7f5951ef3000-7f5951ef8000 r-xp 00000000 08:01 5775359                    /usr/lib/x86_64-linux-gnu/libXfixes.so.3.1.0
7f5951ef8000-7f59520f7000 ---p 00005000 08:01 5775359                    /usr/lib/x86_64-linux-gnu/libXfixes.so.3.1.0
7f59520f7000-7f59520f8000 r--p 00004000 08:01 5775359                    /usr/lib/x86_64-linux-gnu/libXfixes.so.3.1.0
7f59520f8000-7f59520f9000 rw-p 00005000 08:01 5775359                    /usr/lib/x86_64-linux-gnu/libXfixes.so.3.1.0
7f59520f9000-7f5952102000 r-xp 00000000 08:01 5775351                    /usr/lib/x86_64-linux-gnu/libXcursor.so.1.0.2
7f5952102000-7f5952301000 ---p 00009000 08:01 5775351                    /usr/lib/x86_64-linux-gnu/libXcursor.so.1.0.2
7f5952301000-7f5952302000 r--p 00008000 08:01 5775351                    /usr/lib/x86_64-linux-gnu/libXcursor.so.1.0.2
7f5952302000-7f5952303000 rw-p 00009000 08:01 5775351                    /usr/lib/x86_64-linux-gnu/libXcursor.so.1.0.2
7f5952303000-7f5952340000 r-xp 00000000 08:01 6164668                    /lib/x86_64-linux-gnu/libpcre.so.3.13.1
7f5952340000-7f595253f000 ---p 0003d000 08:01 6164668                    /lib/x86_64-linux-gnu/libpcre.so.3.13.1
7f595253f000-7f5952540000 r--p 0003c000 08:01 6164668                    /lib/x86_64-linux-gnu/libpcre.so.3.13.1
7f5952540000-7f5952541000 rw-p 0003d000 08:01 6164668                    /lib/x86_64-linux-gnu/libpcre.so.3.13.1
7f5952541000-7f5952566000 r-xp 00000000 08:01 6164702                    /lib/x86_64-linux-gnu/libpng12.so.0.50.0
7f5952566000-7f5952765000 ---p 00025000 08:01 6164702                    /lib/x86_64-linux-gnu/libpng12.so.0.50.0
7f5952765000-7f5952766000 r--p 00024000 08:01 6164702                    /lib/x86_64-linux-gnu/libpng12.so.0.50.0
7f5952766000-7f5952767000 rw-p 00025000 08:01 6164702                    /lib/x86_64-linux-gnu/libpng12.so.0.50.0
7f5952767000-7f595276c000 r-xp 00000000 08:01 5775355                    /usr/lib/x86_64-linux-gnu/libXdmcp.so.6.0.0
7f595276c000-7f595296b000 ---p 00005000 08:01 5775355                    /usr/lib/x86_64-linux-gnu/libXdmcp.so.6.0.0
7f595296b000-7f595296c000 r--p 00004000 08:01 5775355                    /usr/lib/x86_64-linux-gnu/libXdmcp.so.6.0.0
7f595296c000-7f595296d000 rw-p 00005000 08:01 5775355                    /usr/lib/x86_64-linux-gnu/libXdmcp.so.6.0.0
7f595296d000-7f595296f000 r-xp 00000000 08:01 5775344                    /usr/lib/x86_64-linux-gnu/libXau.so.6.0.0
7f595296f000-7f5952b6f000 ---p 00002000 08:01 5775344                    /usr/lib/x86_64-linux-gnu/libXau.so.6.0.0
7f5952b6f000-7f5952b70000 r--p 00002000 08:01 5775344                    /usr/lib/x86_64-linux-gnu/libXau.so.6.0.0
7f5952b70000-7f5952b71000 rw-p 00003000 08:01 5775344                    /usr/lib/x86_64-linux-gnu/libXau.so.6.0.0
7f5952b71000-7f5952b78000 r-xp 00000000 08:01 5769452                    /usr/lib/x86_64-linux-gnu/libffi.so.6.0.1
7f5952b78000-7f5952d77000 ---p 00007000 08:01 5769452                    /usr/lib/x86_64-linux-gnu/libffi.so.6.0.1
7f5952d77000-7f5952d78000 r--p 00006000 08:01 5769452                    /usr/lib/x86_64-linux-gnu/libffi.so.6.0.1
7f5952d78000-7f5952d79000 rw-p 00007000 08:01 5769452                    /usr/lib/x86_64-linux-gnu/libffi.so.6.0.1
7f5952d79000-7f5952d90000 r-xp 00000000 08:01 6164970                    /lib/x86_64-linux-gnu/libresolv-2.19.so
7f5952d90000-7f5952f90000 ---p 00017000 08:01 6164970                    /lib/x86_64-linux-gnu/libresolv-2.19.so
7f5952f90000-7f5952f91000 r--p 00017000 08:01 6164970                    /lib/x86_64-linux-gnu/libresolv-2.19.so
7f5952f91000-7f5952f92000 rw-p 00018000 08:01 6164970                    /lib/x86_64-linux-gnu/libresolv-2.19.so
7f5952f92000-7f5952f94000 rw-p 00000000 00:00 0 
7f5952f94000-7f5952fb4000 r-xp 00000000 08:01 6164745                    /lib/x86_64-linux-gnu/libselinux.so.1
7f5952fb4000-7f59531b3000 ---p 00020000 08:01 6164745                    /lib/x86_64-linux-gnu/libselinux.so.1
7f59531b3000-7f59531b4000 r--p 0001f000 08:01 6164745                    /lib/x86_64-linux-gnu/libselinux.so.1
7f59531b4000-7f59531b5000 rw-p 00020000 08:01 6164745                    /lib/x86_64-linux-gnu/libselinux.so.1
7f59531b5000-7f59531b7000 rw-p 00000000 00:00 0 
7f59531b7000-7f59532bd000 r-xp 00000000 08:01 6164646                    /lib/x86_64-linux-gnu/libglib-2.0.so.0.4002.0
7f59532bd000-7f59534bc000 ---p 00106000 08:01 6164646                    /lib/x86_64-linux-gnu/libglib-2.0.so.0.4002.0
7f59534bc000-7f59534bd000 r--p 00105000 08:01 6164646                    /lib/x86_64-linux-gnu/libglib-2.0.so.0.4002.0
7f59534bd000-7f59534be000 rw-p 00106000 08:01 6164646                    /lib/x86_64-linux-gnu/libglib-2.0.so.0.4002.0
7f59534be000-7f59534bf000 rw-p 00000000 00:00 0 
7f59534bf000-7f59534c2000 r-xp 00000000 08:01 5775739                    /usr/lib/x86_64-linux-gnu/libgmodule-2.0.so.0.4002.0
7f59534c2000-7f59536c1000 ---p 00003000 08:01 5775739                    /usr/lib/x86_64-linux-gnu/libgmodule-2.0.so.0.4002.0
7f59536c1000-7f59536c2000 r--p 00002000 08:01 5775739                    /usr/lib/x86_64-linux-gnu/libgmodule-2.0.so.0.4002.0
7f59536c2000-7f59536c3000 rw-p 00003000 08:01 5775739                    /usr/lib/x86_64-linux-gnu/libgmodule-2.0.so.0.4002.0
7f59536c3000-7f59536ea000 r-xp 00000000 08:01 6164691                    /lib/x86_64-linux-gnu/libexpat.so.1.6.0
7f59536ea000-7f59538ea000 ---p 00027000 08:01 6164691                    /lib/x86_64-linux-gnu/libexpat.so.1.6.0
7f59538ea000-7f59538ec000 r--p 00027000 08:01 6164691                    /lib/x86_64-linux-gnu/libexpat.so.1.6.0
7f59538ec000-7f59538ed000 rw-p 00029000 08:01 6164691                    /lib/x86_64-linux-gnu/libexpat.so.1.6.0
7f59538ed000-7f595398a000 r-xp 00000000 08:01 5770969                    /usr/lib/x86_64-linux-gnu/libfreetype.so.6.11.1
7f595398a000-7f5953b89000 ---p 0009d000 08:01 5770969                    /usr/lib/x86_64-linux-gnu/libfreetype.so.6.11.1
7f5953b89000-7f5953b8f000 r--p 0009c000 08:01 5770969                    /usr/lib/x86_64-linux-gnu/libfreetype.so.6.11.1
7f5953b8f000-7f5953b90000 rw-p 000a2000 08:01 5770969                    /usr/lib/x86_64-linux-gnu/libfreetype.so.6.11.1
7f5953b90000-7f5953bad000 r-xp 00000000 08:01 5776410                    /usr/lib/x86_64-linux-gnu/libxcb.so.1.1.0
7f5953bad000-7f5953dad000 ---p 0001d000 08:01 5776410                    /usr/lib/x86_64-linux-gnu/libxcb.so.1.1.0
7f5953dad000-7f5953dae000 r--p 0001d000 08:01 5776410                    /usr/lib/x86_64-linux-gnu/libxcb.so.1.1.0
7f5953dae000-7f5953daf000 rw-p 0001e000 08:01 5776410                    /usr/lib/x86_64-linux-gnu/libxcb.so.1.1.0
7f5953daf000-7f5953dfe000 r-xp 00000000 08:01 5775755                    /usr/lib/x86_64-linux-gnu/libgobject-2.0.so.0.4002.0
7f5953dfe000-7f5953ffe000 ---p 0004f000 08:01 5775755                    /usr/lib/x86_64-linux-gnu/libgobject-2.0.so.0.4002.0
7f5953ffe000-7f5953fff000 r--p 0004f000 08:01 5775755                    /usr/lib/x86_64-linux-gnu/libgobject-2.0.so.0.4002.0
7f5953fff000-7f5954000000 rw-p 00050000 08:01 5775755                    /usr/lib/x86_64-linux-gnu/libgobject-2.0.so.0.4002.0
7f5954000000-7f5954021000 rw-p 00000000 00:00 0 
7f5954021000-7f5958000000 ---p 00000000 00:00 0 
7f5958000000-7f5958001000 r--s 00000000 08:01 1185044                    /var/cache/fontconfig/8aec10f4cc8391dcef22ca549f1e4354-le64.cache-4
7f5958001000-7f5958002000 r--s 00000000 08:01 1185043                    /var/cache/fontconfig/8a687c406b77f27d99abfeeba937fcce-le64.cache-4
7f5958002000-7f5958003000 r--s 00000000 08:01 1185042                    /var/cache/fontconfig/ac2cf712d852da827a87a9baf682f5b9-le64.cache-4
7f5958003000-7f5958005000 r--s 00000000 08:01 1185041                    /var/cache/fontconfig/65f976e5259cbe6dc7697b8648396239-le64.cache-4
7f5958005000-7f5958010000 r--s 00000000 08:01 1185040                    /var/cache/fontconfig/d589a48862398ed80a3d6066f4f56f4c-le64.cache-4
7f5958010000-7f5958011000 r--s 00000000 08:01 1185039                    /var/cache/fontconfig/94f7fe9bd33aadfac165873bd010d595-le64.cache-4
7f5958011000-7f5958013000 r--s 00000000 08:01 1185038                    /var/cache/fontconfig/423767150eb258c59035de29db6fca84-le64.cache-4
7f5958013000-7f5958014000 r--s 00000000 08:01 1185037                    /var/cache/fontconfig/845c20fd2c4814bcec78e05d37a63ccc-le64.cache-4
7f5958014000-7f5958015000 r--s 00000000 08:01 1185036                    /var/cache/fontconfig/e7de81b01590fb7e12b38e274e17d0db-le64.cache-4
7f5958015000-7f5958016000 r--s 00000000 08:01 1185035                    /var/cache/fontconfig/406a1d2d2bf3ed7664fbadefac0b2f66-le64.cache-4
7f5958016000-7f5958018000 r--s 00000000 08:01 1185034                    /var/cache/fontconfig/67709b7835c0f764c1135060c9575660-le64.cache-4
7f5958018000-7f5958022000 r--s 00000000 08:01 1185033                    /var/cache/fontconfig/198d8fcf01c96d0cf813f74fd759bdb7-le64.cache-4
7f5958022000-7f5958023000 r--s 00000000 08:01 1182203                    /var/cache/fontconfig/0c9eb80ebd1c36541ebe2852d3bb0c49-le64.cache-4
7f5958023000-7f595802e000 r--s 00000000 08:01 1185031                    /var/cache/fontconfig/83bf95040141907cd45bb53cf7c1c148-le64.cache-4
7f595802e000-7f5958037000 r--s 00000000 08:01 1185018                    /var/cache/fontconfig/d0972c3d32f097851eb916381fc38920-le64.cache-4
7f5958037000-7f595803a000 ---p 00000000 00:00 0 
7f595803a000-7f5958138000 rw-p 00000000 00:00 0 
7f5958138000-7f59582a4000 r-xp 00000000 08:01 5775727                    /usr/lib/x86_64-linux-gnu/libgio-2.0.so.0.4002.0
7f59582a4000-7f59584a3000 ---p 0016c000 08:01 5775727                    /usr/lib/x86_64-linux-gnu/libgio-2.0.so.0.4002.0
7f59584a3000-7f59584a7000 r--p 0016b000 08:01 5775727                    /usr/lib/x86_64-linux-gnu/libgio-2.0.so.0.4002.0
7f59584a7000-7f59584a9000 rw-p 0016f000 08:01 5775727                    /usr/lib/x86_64-linux-gnu/libgio-2.0.so.0.4002.0
7f59584a9000-7f59584ab000 rw-p 00000000 00:00 0 
7f59584ab000-7f59584e5000 r-xp 00000000 08:01 5770967                    /usr/lib/x86_64-linux-gnu/libfontconfig.so.1.8.0
7f59584e5000-7f59586e4000 ---p 0003a000 08:01 5770967                    /usr/lib/x86_64-linux-gnu/libfontconfig.so.1.8.0
7f59586e4000-7f59586e6000 r--p 00039000 08:01 5770967                    /usr/lib/x86_64-linux-gnu/libfontconfig.so.1.8.0
7f59586e6000-7f59586e7000 rw-p 0003b000 08:01 5770967                    /usr/lib/x86_64-linux-gnu/libfontconfig.so.1.8.0
7f59586e7000-7f59586f6000 r-xp 00000000 08:01 5775365                    /usr/lib/x86_64-linux-gnu/libXi.so.6.1.0
7f59586f6000-7f59588f5000 ---p 0000f000 08:01 5775365                    /usr/lib/x86_64-linux-gnu/libXi.so.6.1.0
7f59588f5000-7f59588f6000 r--p 0000e000 08:01 5775365                    /usr/lib/x86_64-linux-gnu/libXi.so.6.1.0
7f59588f6000-7f59588f7000 rw-p 0000f000 08:01 5775365                    /usr/lib/x86_64-linux-gnu/libXi.so.6.1.0
7f59588f7000-7f59588fc000 r-xp 00000000 08:01 5775385                    /usr/lib/x86_64-linux-gnu/libXtst.so.6.1.0
7f59588fc000-7f5958afb000 ---p 00005000 08:01 5775385                    /usr/lib/x86_64-linux-gnu/libXtst.so.6.1.0
7f5958afb000-7f5958afc000 r--p 00004000 08:01 5775385                    /usr/lib/x86_64-linux-gnu/libXtst.so.6.1.0
7f5958afc000-7f5958afd000 rw-p 00005000 08:01 5775385                    /usr/lib/x86_64-linux-gnu/libXtst.so.6.1.0
7f5958afd000-7f5958aff000 r-xp 00000000 08:01 5775349                    /usr/lib/x86_64-linux-gnu/libXcomposite.so.1.0.0
7f5958aff000-7f5958cfe000 ---p 00002000 08:01 5775349                    /usr/lib/x86_64-linux-gnu/libXcomposite.so.1.0.0
7f5958cfe000-7f5958cff000 r--p 00001000 08:01 5775349                    /usr/lib/x86_64-linux-gnu/libXcomposite.so.1.0.0
7f5958cff000-7f5958d00000 rw-p 00002000 08:01 5775349                    /usr/lib/x86_64-linux-gnu/libXcomposite.so.1.0.0
7f5958d00000-7f595c000000 rw-p 00000000 00:00 0 
7f595c000000-7f595c021000 rw-p 00000000 00:00 0 
7f595c021000-7f5960000000 ---p 00000000 00:00 0 
7f5960000000-7f5960002000 r--s 00000000 08:01 1185030                    /var/cache/fontconfig/6e6b34ae150a7ad95e82fb4a522f0bda-le64.cache-4
7f5960002000-7f5960003000 r--s 00000000 08:01 1185029                    /var/cache/fontconfig/3334a778d104e76d188e9df399bc24d2-le64.cache-4
7f5960003000-7f596000a000 r--s 00000000 08:01 1185028                    /var/cache/fontconfig/53d14c92082a93e67d5078324eb314ca-le64.cache-4
7f596000a000-7f596000e000 r--s 00000000 08:01 1185027                    /var/cache/fontconfig/6c08beecf0dac481ec92e759e0c2e6d7-le64.cache-4
7f596000e000-7f5960012000 r--s 00000000 08:01 1185026                    /var/cache/fontconfig/4d6aee6d44eccb37054d3216e945f618-le64.cache-4
7f5960012000-7f5960016000 r--s 00000000 08:01 1185025                    /var/cache/fontconfig/d6c6df98c3df5faf9bd0f8ef4d91efe5-le64.cache-4
7f5960016000-7f5960029000 r--s 00000000 08:01 1185023                    /var/cache/fontconfig/4ac51e5cfbc76fc3f983e470323a16d3-le64.cache-4
7f5960029000-7f5960040000 r--s 00000000 08:01 1182221                    /var/cache/fontconfig/e13b20fdb08344e0e664864cc2ede53d-le64.cache-4
7f5960040000-7f596005e000 r--s 00000000 08:01 1185016                    /var/cache/fontconfig/467c019e582ee353435ea5c21d137ef6-le64.cache-4
7f596005e000-7f596008f000 rw-p 00000000 00:00 0 
7f596008f000-7f5960092000 ---p 00000000 00:00 0 
7f5960092000-7f5960190000 rw-p 00000000 00:00 0 
7f5960190000-7f5960199000 r-xp 00000000 08:01 5775379                    /usr/lib/x86_64-linux-gnu/libXrender.so.1.3.0
7f5960199000-7f5960398000 ---p 00009000 08:01 5775379                    /usr/lib/x86_64-linux-gnu/libXrender.so.1.3.0
7f5960398000-7f5960399000 r--p 00008000 08:01 5775379                    /usr/lib/x86_64-linux-gnu/libXrender.so.1.3.0
7f5960399000-7f596039a000 rw-p 00009000 08:01 5775379                    /usr/lib/x86_64-linux-gnu/libXrender.so.1.3.0
7f596039a000-7f59604ca000 r-xp 00000000 08:01 5775340                    /usr/lib/x86_64-linux-gnu/libX11.so.6.3.0
7f59604ca000-7f59606ca000 ---p 00130000 08:01 5775340                    /usr/lib/x86_64-linux-gnu/libX11.so.6.3.0
7f59606ca000-7f59606cb000 r--p 00130000 08:01 5775340                    /usr/lib/x86_64-linux-gnu/libX11.so.6.3.0
7f59606cb000-7f59606cf000 rw-p 00131000 08:01 5775340                    /usr/lib/x86_64-linux-gnu/libX11.so.6.3.0
7f59606cf000-7f59606e0000 r-xp 00000000 08:01 5775357                    /usr/lib/x86_64-linux-gnu/libXext.so.6.4.0
7f59606e0000-7f59608df000 ---p 00011000 08:01 5775357                    /usr/lib/x86_64-linux-gnu/libXext.so.6.4.0
7f59608df000-7f59608e0000 r--p 00010000 08:01 5775357                    /usr/lib/x86_64-linux-gnu/libXext.so.6.4.0
7f59608e0000-7f59608e1000 rw-p 00011000 08:01 5775357                    /usr/lib/x86_64-linux-gnu/libXext.so.6.4.0
7f59608e1000-7f5960929000 r-xp 00000000 08:01 5916355                    /usr/lib/jvm/java-7-openjdk-amd64/jre/lib/amd64/xawt/libmawt.so
7f5960929000-7f5960b28000 ---p 00048000 08:01 5916355                    /usr/lib/jvm/java-7-openjdk-amd64/jre/lib/amd64/xawt/libmawt.so
7f5960b28000-7f5960b29000 r--p 00047000 08:01 5916355                    /usr/lib/jvm/java-7-openjdk-amd64/jre/lib/amd64/xawt/libmawt.so
7f5960b29000-7f5960b2c000 rw-p 00048000 08:01 5916355                    /usr/lib/jvm/java-7-openjdk-amd64/jre/lib/amd64/xawt/libmawt.so
7f5960b2c000-7f5960b2d000 rw-p 00000000 00:00 0 
7f5960b2d000-7f5960bcd000 r-xp 00000000 08:01 5789494                    /usr/lib/jvm/java-7-openjdk-amd64/jre/lib/amd64/libawt.so
7f5960bcd000-7f5960dcd000 ---p 000a0000 08:01 5789494                    /usr/lib/jvm/java-7-openjdk-amd64/jre/lib/amd64/libawt.so
7f5960dcd000-7f5960dce000 r--p 000a0000 08:01 5789494                    /usr/lib/jvm/java-7-openjdk-amd64/jre/lib/amd64/libawt.so
7f5960dce000-7f5960dd9000 rw-p 000a1000 08:01 5789494                    /usr/lib/jvm/java-7-openjdk-amd64/jre/lib/amd64/libawt.so
7f5960dd9000-7f5960dfe000 rw-p 00000000 00:00 0 
7f5960dfe000-7f5960dff000 ---p 00000000 00:00 0 
7f5960dff000-7f5960eff000 rw-p 00000000 00:00 0 
7f5960eff000-7f5960f02000 ---p 00000000 00:00 0 
7f5960f02000-7f5961000000 rw-p 00000000 00:00 0 
7f5961000000-7f5961270000 rwxp 00000000 00:00 0 
7f5961270000-7f596423d000 rw-p 00000000 00:00 0 
7f596423d000-7f5968000000 ---p 00000000 00:00 0 
7f5968000000-7f5968004000 r--s 00000000 08:01 1185024                    /var/cache/fontconfig/9fb319ef52839f11ee26ab8b4cffa12b-le64.cache-4
7f5968004000-7f5968007000 r--s 00000000 08:01 1185022                    /var/cache/fontconfig/c19b55eb3b4c5b40ea175e31682068a5-le64.cache-4
7f5968007000-7f596800a000 r--s 00000000 08:01 1185020                    /var/cache/fontconfig/de83a0a961185c8bd1f159015d56c039-le64.cache-4
7f596800a000-7f596800f000 r--s 00000000 08:01 1185949                    /var/cache/fontconfig/7ef2298fde41cc6eeb7af42e48b7d293-le64.cache-4
7f596800f000-7f596801c000 r--s 00000000 08:01 1185954                    /var/cache/fontconfig/8f02d4cb045bd6ce15663e43f347c9f8-le64.cache-4
7f596801c000-7f596801f000 ---p 00000000 00:00 0 
7f596801f000-7f596811d000 rw-p 00000000 00:00 0 
7f596811d000-7f5968120000 ---p 00000000 00:00 0 
7f5968120000-7f596821e000 rw-p 00000000 00:00 0 
7f596821e000-7f5968221000 ---p 00000000 00:00 0 
7f5968221000-7f596831f000 rw-p 00000000 00:00 0 
7f596831f000-7f5968a01000 r--p 00000000 08:01 5774312                    /usr/lib/locale/locale-archive
7f5968a01000-7f5968a04000 ---p 00000000 00:00 0 
7f5968a04000-7f5968b02000 rw-p 00000000 00:00 0 
7f5968b02000-7f5968b05000 ---p 00000000 00:00 0 
7f5968b05000-7f5968c03000 rw-p 00000000 00:00 0 
7f5968c03000-7f5968c04000 ---p 00000000 00:00 0 
7f5968c04000-7f5969d02000 rw-p 00000000 00:00 0 
7f5969d02000-7f5969eb7000 r--s 01d5d000 08:01 5789465                    /usr/lib/jvm/java-7-openjdk-amd64/jre/lib/rt.jar
7f5969eb7000-7f596a300000 rw-p 00000000 00:00 0 
7f596a300000-7f596a301000 ---p 00000000 00:00 0 
7f596a301000-7f596a401000 rw-p 00000000 00:00 0 
7f596a401000-7f596a402000 ---p 00000000 00:00 0 
7f596a402000-7f596a502000 rw-p 00000000 00:00 0 
7f596a502000-7f596a503000 ---p 00000000 00:00 0 
7f596a503000-7f596a603000 rw-p 00000000 00:00 0 
7f596a603000-7f596a604000 ---p 00000000 00:00 0 
7f596a604000-7f596a70f000 rw-p 00000000 00:00 0 
7f596a70f000-7f596a757000 rw-p 00000000 00:00 0 
7f596a757000-7f596a776000 rw-p 00000000 00:00 0 
7f596a776000-7f596a940000 rw-p 00000000 00:00 0 
7f596a940000-7f596a94b000 rw-p 00000000 00:00 0 
7f596a94b000-7f596a993000 rw-p 00000000 00:00 0 
7f596a993000-7f596a9b2000 rw-p 00000000 00:00 0 
7f596a9b2000-7f596ab7b000 rw-p 00000000 00:00 0 
7f596ab7b000-7f596ab8b000 rw-p 00000000 00:00 0 
7f596ab8b000-7f596ac70000 rw-p 00000000 00:00 0 
7f596ac70000-7f596ac71000 rw-p 00000000 00:00 0 
7f596ac71000-7f596ac79000 r-xp 00000000 08:01 5789510                    /usr/lib/jvm/java-7-openjdk-amd64/jre/lib/amd64/libzip.so
7f596ac79000-7f596ae78000 ---p 00008000 08:01 5789510                    /usr/lib/jvm/java-7-openjdk-amd64/jre/lib/amd64/libzip.so
7f596ae78000-7f596ae79000 r--p 00007000 08:01 5789510                    /usr/lib/jvm/java-7-openjdk-amd64/jre/lib/amd64/libzip.so
7f596ae79000-7f596ae7a000 rw-p 00008000 08:01 5789510                    /usr/lib/jvm/java-7-openjdk-amd64/jre/lib/amd64/libzip.so
7f596ae7a000-7f596ae84000 r-xp 00000000 08:01 6166696                    /lib/x86_64-linux-gnu/libnss_files-2.19.so
7f596ae84000-7f596b083000 ---p 0000a000 08:01 6166696                    /lib/x86_64-linux-gnu/libnss_files-2.19.so
7f596b083000-7f596b084000 r--p 00009000 08:01 6166696                    /lib/x86_64-linux-gnu/libnss_files-2.19.so
7f596b084000-7f596b085000 rw-p 0000a000 08:01 6166696                    /lib/x86_64-linux-gnu/libnss_files-2.19.so
7f596b085000-7f596b090000 r-xp 00000000 08:01 6166688                    /lib/x86_64-linux-gnu/libnss_nis-2.19.so
7f596b090000-7f596b28f000 ---p 0000b000 08:01 6166688                    /lib/x86_64-linux-gnu/libnss_nis-2.19.so
7f596b28f000-7f596b290000 r--p 0000a000 08:01 6166688                    /lib/x86_64-linux-gnu/libnss_nis-2.19.so
7f596b290000-7f596b291000 rw-p 0000b000 08:01 6166688                    /lib/x86_64-linux-gnu/libnss_nis-2.19.so
7f596b291000-7f596b2a8000 r-xp 00000000 08:01 6166684                    /lib/x86_64-linux-gnu/libnsl-2.19.so
7f596b2a8000-7f596b4a7000 ---p 00017000 08:01 6166684                    /lib/x86_64-linux-gnu/libnsl-2.19.so
7f596b4a7000-7f596b4a8000 r--p 00016000 08:01 6166684                    /lib/x86_64-linux-gnu/libnsl-2.19.so
7f596b4a8000-7f596b4a9000 rw-p 00017000 08:01 6166684                    /lib/x86_64-linux-gnu/libnsl-2.19.so
7f596b4a9000-7f596b4ab000 rw-p 00000000 00:00 0 
7f596b4ab000-7f596b4b4000 r-xp 00000000 08:01 6164977                    /lib/x86_64-linux-gnu/libnss_compat-2.19.so
7f596b4b4000-7f596b6b3000 ---p 00009000 08:01 6164977                    /lib/x86_64-linux-gnu/libnss_compat-2.19.so
7f596b6b3000-7f596b6b4000 r--p 00008000 08:01 6164977                    /lib/x86_64-linux-gnu/libnss_compat-2.19.so
7f596b6b4000-7f596b6b5000 rw-p 00009000 08:01 6164977                    /lib/x86_64-linux-gnu/libnss_compat-2.19.so
7f596b6b5000-7f596b6df000 r-xp 00000000 08:01 5789490                    /usr/lib/jvm/java-7-openjdk-amd64/jre/lib/amd64/libjava.so
7f596b6df000-7f596b8df000 ---p 0002a000 08:01 5789490                    /usr/lib/jvm/java-7-openjdk-amd64/jre/lib/amd64/libjava.so
7f596b8df000-7f596b8e0000 r--p 0002a000 08:01 5789490                    /usr/lib/jvm/java-7-openjdk-amd64/jre/lib/amd64/libjava.so
7f596b8e0000-7f596b8e2000 rw-p 0002b000 08:01 5789490                    /usr/lib/jvm/java-7-openjdk-amd64/jre/lib/amd64/libjava.so
7f596b8e2000-7f596b8f2000 r-xp 00000000 08:01 5789509                    /usr/lib/jvm/java-7-openjdk-amd64/jre/lib/amd64/libverify.so
7f596b8f2000-7f596baf1000 ---p 00010000 08:01 5789509                    /usr/lib/jvm/java-7-openjdk-amd64/jre/lib/amd64/libverify.so
7f596baf1000-7f596baf3000 r--p 0000f000 08:01 5789509                    /usr/lib/jvm/java-7-openjdk-amd64/jre/lib/amd64/libverify.so
7f596baf3000-7f596baf4000 rw-p 00011000 08:01 5789509                    /usr/lib/jvm/java-7-openjdk-amd64/jre/lib/amd64/libverify.so
7f596baf4000-7f596bafb000 r-xp 00000000 08:01 6166692                    /lib/x86_64-linux-gnu/librt-2.19.so
7f596bafb000-7f596bcfa000 ---p 00007000 08:01 6166692                    /lib/x86_64-linux-gnu/librt-2.19.so
7f596bcfa000-7f596bcfb000 r--p 00006000 08:01 6166692                    /lib/x86_64-linux-gnu/librt-2.19.so
7f596bcfb000-7f596bcfc000 rw-p 00007000 08:01 6166692                    /lib/x86_64-linux-gnu/librt-2.19.so
7f596bcfc000-7f596bd12000 r-xp 00000000 08:01 6164592                    /lib/x86_64-linux-gnu/libgcc_s.so.1
7f596bd12000-7f596bf11000 ---p 00016000 08:01 6164592                    /lib/x86_64-linux-gnu/libgcc_s.so.1
7f596bf11000-7f596bf12000 rw-p 00015000 08:01 6164592                    /lib/x86_64-linux-gnu/libgcc_s.so.1
7f596bf12000-7f596c017000 r-xp 00000000 08:01 6164972                    /lib/x86_64-linux-gnu/libm-2.19.so
7f596c017000-7f596c216000 ---p 00105000 08:01 6164972                    /lib/x86_64-linux-gnu/libm-2.19.so
7f596c216000-7f596c217000 r--p 00104000 08:01 6164972                    /lib/x86_64-linux-gnu/libm-2.19.so
7f596c217000-7f596c218000 rw-p 00105000 08:01 6164972                    /lib/x86_64-linux-gnu/libm-2.19.so
7f596c218000-7f596c2fe000 r-xp 00000000 08:01 5767191                    /usr/lib/x86_64-linux-gnu/libstdc++.so.6.0.19
7f596c2fe000-7f596c4fd000 ---p 000e6000 08:01 5767191                    /usr/lib/x86_64-linux-gnu/libstdc++.so.6.0.19
7f596c4fd000-7f596c505000 r--p 000e5000 08:01 5767191                    /usr/lib/x86_64-linux-gnu/libstdc++.so.6.0.19
7f596c505000-7f596c507000 rw-p 000ed000 08:01 5767191                    /usr/lib/x86_64-linux-gnu/libstdc++.so.6.0.19
7f596c507000-7f596c51c000 rw-p 00000000 00:00 0 
7f596c51c000-7f596d04a000 r-xp 00000000 08:01 5789517                    /usr/lib/jvm/java-7-openjdk-amd64/jre/lib/amd64/server/libjvm.so
7f596d04a000-7f596d24a000 ---p 00b2e000 08:01 5789517                    /usr/lib/jvm/java-7-openjdk-amd64/jre/lib/amd64/server/libjvm.so
7f596d24a000-7f596d2e4000 r--p 00b2e000 08:01 5789517                    /usr/lib/jvm/java-7-openjdk-amd64/jre/lib/amd64/server/libjvm.so
7f596d2e4000-7f596d307000 rw-p 00bc8000 08:01 5789517                    /usr/lib/jvm/java-7-openjdk-amd64/jre/lib/amd64/server/libjvm.so
7f596d307000-7f596d336000 rw-p 00000000 00:00 0 
7f596d336000-7f596d34e000 r-xp 00000000 08:01 6164778                    /lib/x86_64-linux-gnu/libz.so.1.2.8
7f596d34e000-7f596d54d000 ---p 00018000 08:01 6164778                    /lib/x86_64-linux-gnu/libz.so.1.2.8
7f596d54d000-7f596d54e000 r--p 00017000 08:01 6164778                    /lib/x86_64-linux-gnu/libz.so.1.2.8
7f596d54e000-7f596d54f000 rw-p 00018000 08:01 6164778                    /lib/x86_64-linux-gnu/libz.so.1.2.8
7f596d54f000-7f596d568000 r-xp 00000000 08:01 6166685                    /lib/x86_64-linux-gnu/libpthread-2.19.so
7f596d568000-7f596d767000 ---p 00019000 08:01 6166685                    /lib/x86_64-linux-gnu/libpthread-2.19.so
7f596d767000-7f596d768000 r--p 00018000 08:01 6166685                    /lib/x86_64-linux-gnu/libpthread-2.19.so
7f596d768000-7f596d769000 rw-p 00019000 08:01 6166685                    /lib/x86_64-linux-gnu/libpthread-2.19.so
7f596d769000-7f596d76d000 rw-p 00000000 00:00 0 
7f596d76d000-7f596d770000 r-xp 00000000 08:01 6164974                    /lib/x86_64-linux-gnu/libdl-2.19.so
7f596d770000-7f596d96f000 ---p 00003000 08:01 6164974                    /lib/x86_64-linux-gnu/libdl-2.19.so
7f596d96f000-7f596d970000 r--p 00002000 08:01 6164974                    /lib/x86_64-linux-gnu/libdl-2.19.so
7f596d970000-7f596d971000 rw-p 00003000 08:01 6164974                    /lib/x86_64-linux-gnu/libdl-2.19.so
7f596d971000-7f596db2b000 r-xp 00000000 08:01 6166693                    /lib/x86_64-linux-gnu/libc-2.19.so
7f596db2b000-7f596dd2b000 ---p 001ba000 08:01 6166693                    /lib/x86_64-linux-gnu/libc-2.19.so
7f596dd2b000-7f596dd2f000 r--p 001ba000 08:01 6166693                    /lib/x86_64-linux-gnu/libc-2.19.so
7f596dd2f000-7f596dd31000 rw-p 001be000 08:01 6166693                    /lib/x86_64-linux-gnu/libc-2.19.so
7f596dd31000-7f596dd36000 rw-p 00000000 00:00 0 
7f596dd36000-7f596dd43000 r-xp 00000000 08:01 5789507                    /usr/lib/jvm/java-7-openjdk-amd64/jre/lib/amd64/jli/libjli.so
7f596dd43000-7f596df42000 ---p 0000d000 08:01 5789507                    /usr/lib/jvm/java-7-openjdk-amd64/jre/lib/amd64/jli/libjli.so
7f596df42000-7f596df43000 r--p 0000c000 08:01 5789507                    /usr/lib/jvm/java-7-openjdk-amd64/jre/lib/amd64/jli/libjli.so
7f596df43000-7f596df44000 rw-p 0000d000 08:01 5789507                    /usr/lib/jvm/java-7-openjdk-amd64/jre/lib/amd64/jli/libjli.so
7f596df44000-7f596df67000 r-xp 00000000 08:01 6166686                    /lib/x86_64-linux-gnu/ld-2.19.so
7f596df67000-7f596df68000 r--s 00000000 08:01 1185021                    /var/cache/fontconfig/c277e94e32b20404286a1ddafa5a80f0-le64.cache-4
7f596df68000-7f596df6a000 r--s 00000000 08:01 1185955                    /var/cache/fontconfig/16326683038b281783a0ef8c680e3a10-le64.cache-4
7f596df6a000-7f596df6b000 r--s 00000000 08:01 1185953                    /var/cache/fontconfig/e0aa53bcfa504e64f87823c16bc01eb6-le64.cache-4
7f596df6b000-7f596df75000 r--s 000ae000 08:01 5789476                    /usr/lib/jvm/java-7-openjdk-amd64/jre/lib/resources.jar
7f596df75000-7f596df79000 r--s 0005d000 08:01 6435410                    /usr/share/java/jhdfview.jar
7f596df79000-7f596df7a000 r--s 00010000 08:01 6435394                    /usr/share/java/jhdf5obj.jar
7f596df7a000-7f596df7c000 r--s 00009000 08:01 6435407                    /usr/share/java/jhdf4obj.jar
7f596df7c000-7f596df7e000 r--s 0001f000 08:01 6435408                    /usr/share/java/jhdfobj.jar
7f596df7e000-7f596df80000 r--s 00010000 08:01 6435395                    /usr/share/java/jhdf5.jar
7f596df80000-7f596df81000 r--s 0000a000 08:01 6435406                    /usr/share/java/jhdf.jar
7f596df81000-7f596df83000 r--s 00012000 08:01 5789450                    /usr/lib/jvm/java-7-openjdk-amd64/jre/lib/ext/zipfs.jar
7f596df83000-7f596df8d000 rw-p 00000000 00:00 0 
7f596df8d000-7f596e043000 rw-p 00000000 00:00 0 
7f596e043000-7f596e046000 ---p 00000000 00:00 0 
7f596e046000-7f596e149000 rw-p 00000000 00:00 0 
7f596e149000-7f596e14c000 r--s 0000f000 08:01 5789451                    /usr/lib/jvm/java-7-openjdk-amd64/jre/lib/ext/icedtea-sound.jar
7f596e14c000-7f596e14f000 r--s 0003d000 08:01 5789446                    /usr/lib/jvm/java-7-openjdk-amd64/jre/lib/ext/sunpkcs11.jar
7f596e14f000-7f596e153000 r--s 00034000 08:01 5789449                    /usr/lib/jvm/java-7-openjdk-amd64/jre/lib/ext/sunjce_provider.jar
7f596e153000-7f596e155000 r--s 00006000 08:01 6435376                    /usr/share/java/java-atk-wrapper.jar
7f596e155000-7f596e159000 r--s 00085000 08:01 5789448                    /usr/lib/jvm/java-7-openjdk-amd64/jre/lib/ext/localedata.jar
7f596e159000-7f596e15a000 r--s 00002000 08:01 5789447                    /usr/lib/jvm/java-7-openjdk-amd64/jre/lib/ext/dnsns.jar
7f596e15a000-7f596e162000 rw-s 00000000 08:01 920718                     /tmp/hsperfdata_qssi/26047
7f596e162000-7f596e163000 rw-p 00000000 00:00 0 
7f596e163000-7f596e164000 r--p 00000000 00:00 0 
7f596e164000-7f596e166000 rw-p 00000000 00:00 0 
7f596e166000-7f596e167000 r--p 00022000 08:01 6166686                    /lib/x86_64-linux-gnu/ld-2.19.so
7f596e167000-7f596e168000 rw-p 00023000 08:01 6166686                    /lib/x86_64-linux-gnu/ld-2.19.so
7f596e168000-7f596e169000 rw-p 00000000 00:00 0 
7ffc2c254000-7ffc2c275000 rw-p 00000000 00:00 0                          [stack]
7ffc2c3ca000-7ffc2c3cc000 r--p 00000000 00:00 0                          [vvar]
7ffc2c3cc000-7ffc2c3ce000 r-xp 00000000 00:00 0                          [vdso]
ffffffffff600000-ffffffffff601000 r-xp 00000000 00:00 0                  [vsyscall]

VM Arguments:
jvm_args: -Djava.library.path=/usr/lib/jni/ -Dswing.systemlaf=com.sun.java.swing.plaf.gtk.GTKLookAndFeel 
java_command: ncsa.hdf.view.HDFView -root /usr/share/doc/libjhdf-doc/ low_week.hdf5
Launcher Type: SUN_STANDARD

Environment Variables:
JAVA_HOME=/usr/lib/jvm/java-7-openjdk-amd64
PATH=/usr/local/sbin:/usr/local/bin:/usr/sbin:/usr/bin:/sbin:/bin:/usr/games:/usr/local/games
SHELL=/bin/bash
DISPLAY=:0

Signal Handlers:
SIGSEGV: [libjvm.so+0x95e5a0], sa_mask[0]=0x7ffbfeff, sa_flags=0x10000004
SIGBUS: [libjvm.so+0x95e5a0], sa_mask[0]=0x7ffbfeff, sa_flags=0x10000004
SIGFPE: [libjvm.so+0x7d2170], sa_mask[0]=0x7ffbfeff, sa_flags=0x10000004
SIGPIPE: [libjvm.so+0x7d2170], sa_mask[0]=0x7ffbfeff, sa_flags=0x10000004
SIGXFSZ: [libjvm.so+0x7d2170], sa_mask[0]=0x7ffbfeff, sa_flags=0x10000004
SIGILL: [libjvm.so+0x7d2170], sa_mask[0]=0x7ffbfeff, sa_flags=0x10000004
SIGUSR1: SIG_DFL, sa_mask[0]=0x00000000, sa_flags=0x00000000
SIGUSR2: [libjvm.so+0x7d22a0], sa_mask[0]=0x00000000, sa_flags=0x10000004
SIGHUP: [libjvm.so+0x7d21f0], sa_mask[0]=0x7ffbfeff, sa_flags=0x10000004
SIGINT: [libjvm.so+0x7d21f0], sa_mask[0]=0x7ffbfeff, sa_flags=0x10000004
SIGTERM: [libjvm.so+0x7d21f0], sa_mask[0]=0x7ffbfeff, sa_flags=0x10000004
SIGQUIT: [libjvm.so+0x7d21f0], sa_mask[0]=0x7ffbfeff, sa_flags=0x10000004
SIGTRAP: SIG_DFL, sa_mask[0]=0x00000000, sa_flags=0x00000000


---------------  S Y S T E M  ---------------

OS:Ubuntu 14.04 (trusty)
uname:Linux 3.19.0-78-generic #86~14.04.1-Ubuntu SMP Tue Dec 6 17:58:35 UTC 2016 x86_64
libc:glibc 2.19 NPTL 2.19 
rlimit: STACK 8192k, CORE 0k, NPROC 23363, NOFILE 4096, AS infinity
load average:0.29 0.24 0.23

/proc/meminfo:
MemTotal:        6003136 kB
MemFree:          638192 kB
MemAvailable:    5063176 kB
Buffers:          328820 kB
Cached:          4154296 kB
SwapCached:            0 kB
Active:          2137700 kB
Inactive:        2764256 kB
Active(anon):     422000 kB
Inactive(anon):    84936 kB
Active(file):    1715700 kB
Inactive(file):  2679320 kB
Unevictable:          32 kB
Mlocked:              32 kB
SwapTotal:       6181884 kB
SwapFree:        6181884 kB
Dirty:             30120 kB
Writeback:             0 kB
AnonPages:        418820 kB
Mapped:           241688 kB
Shmem:             88224 kB
Slab:             398000 kB
SReclaimable:     283380 kB
SUnreclaim:       114620 kB
KernelStack:        6176 kB
PageTables:        16552 kB
NFS_Unstable:          0 kB
Bounce:                0 kB
WritebackTmp:          0 kB
CommitLimit:     9183452 kB
Committed_AS:    2158896 kB
VmallocTotal:   34359738367 kB
VmallocUsed:      357236 kB
VmallocChunk:   34359284076 kB
HardwareCorrupted:     0 kB
AnonHugePages:     69632 kB
CmaTotal:              0 kB
CmaFree:               0 kB
HugePages_Total:       0
HugePages_Free:        0
HugePages_Rsvd:        0
HugePages_Surp:        0
Hugepagesize:       2048 kB
DirectMap4k:      113208 kB
DirectMap2M:     6070272 kB


CPU:total 4 (2 cores per cpu, 2 threads per core) family 6 model 58 stepping 9, cmov, cx8, fxsr, mmx, sse, sse2, sse3, ssse3, sse4.1, sse4.2, popcnt, avx, aes, erms, ht, tsc, tscinvbit, tscinv

/proc/cpuinfo:
processor	: 0
vendor_id	: GenuineIntel
cpu family	: 6
model		: 58
model name	: Intel(R) Core(TM) i5-3317U CPU @ 1.70GHz
stepping	: 9
microcode	: 0x12
cpu MHz		: 2422.167
cache size	: 3072 KB
physical id	: 0
siblings	: 4
core id		: 0
cpu cores	: 2
apicid		: 0
initial apicid	: 0
fpu		: yes
fpu_exception	: yes
cpuid level	: 13
wp		: yes
flags		: fpu vme de pse tsc msr pae mce cx8 apic sep mtrr pge mca cmov pat pse36 clflush dts acpi mmx fxsr sse sse2 ss ht tm pbe syscall nx rdtscp lm constant_tsc arch_perfmon pebs bts rep_good nopl xtopology nonstop_tsc aperfmperf eagerfpu pni pclmulqdq dtes64 monitor ds_cpl vmx est tm2 ssse3 cx16 xtpr pdcm pcid sse4_1 sse4_2 x2apic popcnt tsc_deadline_timer aes xsave avx f16c rdrand lahf_lm ida arat epb pln pts dtherm tpr_shadow vnmi flexpriority ept vpid fsgsbase smep erms xsaveopt
bugs		:
bogomips	: 3392.19
clflush size	: 64
cache_alignment	: 64
address sizes	: 36 bits physical, 48 bits virtual
power management:

processor	: 1
vendor_id	: GenuineIntel
cpu family	: 6
model		: 58
model name	: Intel(R) Core(TM) i5-3317U CPU @ 1.70GHz
stepping	: 9
microcode	: 0x12
cpu MHz		: 1852.335
cache size	: 3072 KB
physical id	: 0
siblings	: 4
core id		: 0
cpu cores	: 2
apicid		: 1
initial apicid	: 1
fpu		: yes
fpu_exception	: yes
cpuid level	: 13
wp		: yes
flags		: fpu vme de pse tsc msr pae mce cx8 apic sep mtrr pge mca cmov pat pse36 clflush dts acpi mmx fxsr sse sse2 ss ht tm pbe syscall nx rdtscp lm constant_tsc arch_perfmon pebs bts rep_good nopl xtopology nonstop_tsc aperfmperf eagerfpu pni pclmulqdq dtes64 monitor ds_cpl vmx est tm2 ssse3 cx16 xtpr pdcm pcid sse4_1 sse4_2 x2apic popcnt tsc_deadline_timer aes xsave avx f16c rdrand lahf_lm ida arat epb pln pts dtherm tpr_shadow vnmi flexpriority ept vpid fsgsbase smep erms xsaveopt
bugs		:
bogomips	: 3392.19
clflush size	: 64
cache_alignment	: 64
address sizes	: 36 bits physical, 48 bits virtual
power management:

processor	: 2
vendor_id	: GenuineIntel
cpu family	: 6
model		: 58
model name	: Intel(R) Core(TM) i5-3317U CPU @ 1.70GHz
stepping	: 9
microcode	: 0x12
cpu MHz		: 2436.179
cache size	: 3072 KB
physical id	: 0
siblings	: 4
core id		: 1
cpu cores	: 2
apicid		: 2
initial apicid	: 2
fpu		: yes
fpu_exception	: yes
cpuid level	: 13
wp		: yes
flags		: fpu vme de pse tsc msr pae mce cx8 apic sep mtrr pge mca cmov pat pse36 clflush dts acpi mmx fxsr sse sse2 ss ht tm pbe syscall nx rdtscp lm constant_tsc arch_perfmon pebs bts rep_good nopl xtopology nonstop_tsc aperfmperf eagerfpu pni pclmulqdq dtes64 monitor ds_cpl vmx est tm2 ssse3 cx16 xtpr pdcm pcid sse4_1 sse4_2 x2apic popcnt tsc_deadline_timer aes xsave avx f16c rdrand lahf_lm ida arat epb pln pts dtherm tpr_shadow vnmi flexpriority ept vpid fsgsbase smep erms xsaveopt
bugs		:
bogomips	: 3392.19
clflush size	: 64
cache_alignment	: 64
address sizes	: 36 bits physical, 48 bits virtual
power management:

processor	: 3
vendor_id	: GenuineIntel
cpu family	: 6
model		: 58
model name	: Intel(R) Core(TM) i5-3317U CPU @ 1.70GHz
stepping	: 9
microcode	: 0x12
cpu MHz		: 2573.839
cache size	: 3072 KB
physical id	: 0
siblings	: 4
core id		: 1
cpu cores	: 2
apicid		: 3
initial apicid	: 3
fpu		: yes
fpu_exception	: yes
cpuid level	: 13
wp		: yes
flags		: fpu vme de pse tsc msr pae mce cx8 apic sep mtrr pge mca cmov pat pse36 clflush dts acpi mmx fxsr sse sse2 ss ht tm pbe syscall nx rdtscp lm constant_tsc arch_perfmon pebs bts rep_good nopl xtopology nonstop_tsc aperfmperf eagerfpu pni pclmulqdq dtes64 monitor ds_cpl vmx est tm2 ssse3 cx16 xtpr pdcm pcid sse4_1 sse4_2 x2apic popcnt tsc_deadline_timer aes xsave avx f16c rdrand lahf_lm ida arat epb pln pts dtherm tpr_shadow vnmi flexpriority ept vpid fsgsbase smep erms xsaveopt
bugs		:
bogomips	: 3392.19
clflush size	: 64
cache_alignment	: 64
address sizes	: 36 bits physical, 48 bits virtual
power management:



Memory: 4k page, physical 6003136k(638192k free), swap 6181884k(6181884k free)

vm_info: OpenJDK 64-Bit Server VM (24.131-b00) for linux-amd64 JRE (1.7.0_131-b00), built on May 17 2017 02:59:13 by "buildd" with gcc 4.8.4

time: Fri May 26 14:15:53 2017
elapsed time: 0 seconds

